<?xml version="1.0" encoding="UTF-8"?>
<!-- Generated by org.testng.reporters.JUnitReportReporter -->
<testsuite hostname="NAINIKA" failures="0" tests="3" name="testScript.SubcategoryTest" time="17.647" errors="0" timestamp="2025-03-05T23:04:15 IST" skipped="0">
  <testcase classname="testScript.SubcategoryTest" name="verifyUserIsAbleToAddSubcategory" time="5.879"/>
  <testcase classname="testScript.SubcategoryTest" name="verifyUserAbleToSearchSubcategory" time="5.093"/>
  <testcase classname="testScript.SubcategoryTest" name="verifyRestButtonFunctionality" time="6.675"/>
</testsuite> <!-- testScript.SubcategoryTest -->
