<?xml version="1.0" encoding="UTF-8"?>
<!-- Generated by org.testng.reporters.JUnitReportReporter -->
<testsuite hostname="NAINIKA" failures="0" tests="1" name="testScript.LoginTest" time="3.494" errors="0" timestamp="2025-03-05T19:27:39 IST" skipped="0">
  <testcase classname="testScript.LoginTest" name="verifyUserLoginWithInValidUsernameAndInValidPassword" time="3.494"/>
</testsuite> <!-- testScript.LoginTest -->
