<?xml version="1.0" encoding="UTF-8"?>
<!-- Generated by org.testng.reporters.JUnitReportReporter -->
<testsuite hostname="NAINIKA" failures="0" tests="1" name="testScript.SubcategoryTest" time="5.748" errors="0" timestamp="2025-02-26T12:12:12 IST" skipped="0">
  <testcase classname="testScript.SubcategoryTest" name="verifyRestButtonFunctionality" time="5.748"/>
</testsuite> <!-- testScript.SubcategoryTest -->
