<?xml version="1.0" encoding="UTF-8"?>
<!-- Generated by org.testng.reporters.JUnitReportReporter -->
<testsuite hostname="NAINIKA" failures="0" tests="1" name="testScript.HomeTest" time="5.445" errors="0" timestamp="2025-03-03T10:49:51 IST" skipped="0">
  <testcase classname="testScript.HomeTest" name="verifyUserAbleToLogout" time="5.445"/>
</testsuite> <!-- testScript.HomeTest -->
