<?xml version="1.0" encoding="UTF-8"?>
<!-- Generated by org.testng.reporters.JUnitReportReporter -->
<testsuite hostname="NAINIKA" failures="0" tests="1" name="testScript.AdminUserTest" time="7.016" errors="0" timestamp="2025-03-06T11:09:13 IST" skipped="0">
  <testcase classname="testScript.AdminUserTest" name="VerifyUserCanAddNewAdminUser" time="7.016"/>
</testsuite> <!-- testScript.AdminUserTest -->
