<?xml version="1.0" encoding="UTF-8"?>
<!-- Generated by org.testng.reporters.JUnitReportReporter -->
<testsuite hostname="NAINIKA" failures="0" tests="1" name="testScript.AdminUserTest" time="6.659" errors="0" timestamp="2025-03-06T18:53:33 IST" skipped="0">
  <testcase classname="testScript.AdminUserTest" name="VerifyUserCanAddNewAdminUser" time="6.659"/>
</testsuite> <!-- testScript.AdminUserTest -->
