<?xml version="1.0" encoding="UTF-8"?>
<!-- Generated by org.testng.reporters.JUnitReportReporter -->
<testsuite hostname="NAINIKA" failures="0" tests="1" name="testScript.ManageNewsTest" time="5.628" errors="0" timestamp="2025-02-26T12:09:31 IST" skipped="0">
  <testcase classname="testScript.ManageNewsTest" name="verifyUserAbleToAddNewNews" time="5.628"/>
</testsuite> <!-- testScript.ManageNewsTest -->
