<?xml version="1.0" encoding="UTF-8"?>
<!-- Generated by org.testng.reporters.JUnitReportReporter -->
<testsuite hostname="NAINIKA" failures="0" tests="1" name="testScript.HomeTest" time="5.408" errors="0" timestamp="2025-02-26T12:09:00 IST" skipped="0">
  <testcase classname="testScript.HomeTest" name="verifyUserAbleToLogout" time="5.408"/>
</testsuite> <!-- testScript.HomeTest -->
